<?xml version="1.0" encoding="UTF-8"?>
<!-- Generated by org.testng.reporters.JUnitReportReporter -->
<testsuite hostname="DESKTOP-R8M0T71" failures="0" tests="1" name="testrunners.TestRunner" time="14.155" errors="0" timestamp="17 Feb 2024 07:54:13 GMT" skipped="0">
  <testcase classname="testrunners.TestRunner" name="runScenario" time="14.155"/>
</testsuite> <!-- testrunners.TestRunner -->
